[    1587ms] [ERROR] Refused to apply style from 'http://localhost:3000/_next/static/css/app/layout.css?v=1778684820695' because its MIME type ('text/plain') is not a supported stylesheet MIME type, and strict MIME checking is enabled. @ http://localhost:3000/dashboard:0
[    1609ms] [ERROR] Failed to load resource: the server responded with a status of 404 (Not Found) @ http://localhost:3000/_next/static/chunks/main-app.js?v=1778684820695:0
[    1609ms] [ERROR] Refused to execute script from 'http://localhost:3000/_next/static/chunks/main-app.js?v=1778684820695' because its MIME type ('text/plain') is not executable, and strict MIME type checking is enabled. @ http://localhost:3000/dashboard:0
[    1609ms] [ERROR] Failed to load resource: the server responded with a status of 404 (Not Found) @ http://localhost:3000/_next/static/chunks/app-pages-internals.js:0
[    1609ms] [ERROR] Refused to execute script from 'http://localhost:3000/_next/static/chunks/app-pages-internals.js' because its MIME type ('text/plain') is not executable, and strict MIME type checking is enabled. @ http://localhost:3000/dashboard:0
[    1610ms] [ERROR] Failed to load resource: the server responded with a status of 404 (Not Found) @ http://localhost:3000/_next/static/chunks/app/layout.js:0
[    1610ms] [ERROR] Refused to execute script from 'http://localhost:3000/_next/static/chunks/app/layout.js' because its MIME type ('text/plain') is not executable, and strict MIME type checking is enabled. @ http://localhost:3000/dashboard:0
[    1625ms] [ERROR] Failed to load resource: the server responded with a status of 404 (Not Found) @ http://localhost:3000/_next/static/chunks/app/error.js:0
[    1625ms] [ERROR] Refused to execute script from 'http://localhost:3000/_next/static/chunks/app/error.js' because its MIME type ('text/plain') is not executable, and strict MIME type checking is enabled. @ http://localhost:3000/dashboard:0
[    2788ms] [ERROR] Refused to apply style from 'http://localhost:3000/_next/static/css/app/layout.css?v=1778684822150' because its MIME type ('text/plain') is not a supported stylesheet MIME type, and strict MIME checking is enabled. @ http://localhost:3000/login:0
[    2808ms] [ERROR] Failed to load resource: the server responded with a status of 404 (Not Found) @ http://localhost:3000/_next/static/chunks/main-app.js?v=1778684822150:0
[    2808ms] [ERROR] Refused to execute script from 'http://localhost:3000/_next/static/chunks/main-app.js?v=1778684822150' because its MIME type ('text/plain') is not executable, and strict MIME type checking is enabled. @ http://localhost:3000/login:0
[    2809ms] [ERROR] Refused to apply style from 'http://localhost:3000/_next/static/css/app/layout.css?v=1778684822150' because its MIME type ('text/plain') is not a supported stylesheet MIME type, and strict MIME checking is enabled. @ http://localhost:3000/login:0
[    2814ms] [VERBOSE] [DOM] Input elements should have autocomplete attributes (suggested: "current-password"): (More info: https://goo.gl/9p2vKq) %o @ http://localhost:3000/login:0
[    2817ms] [ERROR] Failed to load resource: the server responded with a status of 404 (Not Found) @ http://localhost:3000/_next/static/chunks/app-pages-internals.js:0
[    2817ms] [ERROR] Refused to execute script from 'http://localhost:3000/_next/static/chunks/app-pages-internals.js' because its MIME type ('text/plain') is not executable, and strict MIME type checking is enabled. @ http://localhost:3000/login:0
[    2825ms] [ERROR] Failed to load resource: the server responded with a status of 404 (Not Found) @ http://localhost:3000/_next/static/chunks/app/layout.js:0
[    2825ms] [ERROR] Refused to execute script from 'http://localhost:3000/_next/static/chunks/app/layout.js' because its MIME type ('text/plain') is not executable, and strict MIME type checking is enabled. @ http://localhost:3000/login:0
[    2835ms] [ERROR] Failed to load resource: the server responded with a status of 404 (Not Found) @ http://localhost:3000/_next/static/chunks/app/error.js:0
[    2835ms] [ERROR] Refused to execute script from 'http://localhost:3000/_next/static/chunks/app/error.js' because its MIME type ('text/plain') is not executable, and strict MIME type checking is enabled. @ http://localhost:3000/login:0
[   13090ms] [ERROR] Refused to apply style from 'http://localhost:3000/_next/static/css/app/layout.css?v=1778684832063' because its MIME type ('text/plain') is not a supported stylesheet MIME type, and strict MIME checking is enabled. @ http://localhost:3000/register:0
[   13108ms] [VERBOSE] [DOM] Input elements should have autocomplete attributes (suggested: "new-password"): (More info: https://goo.gl/9p2vKq) %o @ http://localhost:3000/register:0
[   13109ms] [VERBOSE] [DOM] Input elements should have autocomplete attributes (suggested: "new-password"): (More info: https://goo.gl/9p2vKq) %o @ http://localhost:3000/register:0
[   13145ms] [ERROR] Failed to load resource: the server responded with a status of 404 (Not Found) @ http://localhost:3000/_next/static/chunks/main-app.js?v=1778684832063:0
[   13145ms] [ERROR] Refused to execute script from 'http://localhost:3000/_next/static/chunks/main-app.js?v=1778684832063' because its MIME type ('text/plain') is not executable, and strict MIME type checking is enabled. @ http://localhost:3000/register:0
[   13157ms] [ERROR] Failed to load resource: the server responded with a status of 404 (Not Found) @ http://localhost:3000/_next/static/chunks/app-pages-internals.js:0
[   13157ms] [ERROR] Refused to execute script from 'http://localhost:3000/_next/static/chunks/app-pages-internals.js' because its MIME type ('text/plain') is not executable, and strict MIME type checking is enabled. @ http://localhost:3000/register:0
[   13235ms] [ERROR] Failed to load resource: the server responded with a status of 404 (Not Found) @ http://localhost:3000/_next/static/chunks/app/error.js:0
[   13235ms] [ERROR] Refused to execute script from 'http://localhost:3000/_next/static/chunks/app/error.js' because its MIME type ('text/plain') is not executable, and strict MIME type checking is enabled. @ http://localhost:3000/register:0
[   13235ms] [ERROR] Failed to load resource: the server responded with a status of 404 (Not Found) @ http://localhost:3000/_next/static/chunks/app/layout.js:0
[   13235ms] [ERROR] Refused to execute script from 'http://localhost:3000/_next/static/chunks/app/layout.js' because its MIME type ('text/plain') is not executable, and strict MIME type checking is enabled. @ http://localhost:3000/register:0
[   14566ms] [ERROR] Refused to apply style from 'http://localhost:3000/_next/static/css/app/layout.css?v=1778684833817' because its MIME type ('text/plain') is not a supported stylesheet MIME type, and strict MIME checking is enabled. @ http://localhost:3000/dashboard:0
[   14595ms] [ERROR] Failed to load resource: the server responded with a status of 404 (Not Found) @ http://localhost:3000/_next/static/chunks/main-app.js?v=1778684833817:0
[   14597ms] [ERROR] Refused to execute script from 'http://localhost:3000/_next/static/chunks/main-app.js?v=1778684833817' because its MIME type ('text/plain') is not executable, and strict MIME type checking is enabled. @ http://localhost:3000/dashboard:0
[   14609ms] [ERROR] Failed to load resource: the server responded with a status of 404 (Not Found) @ http://localhost:3000/_next/static/chunks/app-pages-internals.js:0
[   14609ms] [ERROR] Refused to execute script from 'http://localhost:3000/_next/static/chunks/app-pages-internals.js' because its MIME type ('text/plain') is not executable, and strict MIME type checking is enabled. @ http://localhost:3000/dashboard:0
[   14620ms] [ERROR] Failed to load resource: the server responded with a status of 404 (Not Found) @ http://localhost:3000/_next/static/chunks/app/layout.js:0
[   14620ms] [ERROR] Refused to execute script from 'http://localhost:3000/_next/static/chunks/app/layout.js' because its MIME type ('text/plain') is not executable, and strict MIME type checking is enabled. @ http://localhost:3000/dashboard:0
[   14658ms] [ERROR] Failed to load resource: the server responded with a status of 404 (Not Found) @ http://localhost:3000/_next/static/chunks/app/error.js:0
[   14661ms] [ERROR] Refused to execute script from 'http://localhost:3000/_next/static/chunks/app/error.js' because its MIME type ('text/plain') is not executable, and strict MIME type checking is enabled. @ http://localhost:3000/dashboard:0
[   16119ms] [ERROR] Refused to apply style from 'http://localhost:3000/_next/static/css/app/layout.css?v=1778684835319' because its MIME type ('text/plain') is not a supported stylesheet MIME type, and strict MIME checking is enabled. @ http://localhost:3000/login:0
[   16162ms] [VERBOSE] [DOM] Input elements should have autocomplete attributes (suggested: "current-password"): (More info: https://goo.gl/9p2vKq) %o @ http://localhost:3000/login:0
[   16174ms] [ERROR] Failed to load resource: the server responded with a status of 404 (Not Found) @ http://localhost:3000/_next/static/chunks/main-app.js?v=1778684835319:0
[   16174ms] [ERROR] Refused to execute script from 'http://localhost:3000/_next/static/chunks/main-app.js?v=1778684835319' because its MIME type ('text/plain') is not executable, and strict MIME type checking is enabled. @ http://localhost:3000/login:0
[   16188ms] [ERROR] Failed to load resource: the server responded with a status of 404 (Not Found) @ http://localhost:3000/_next/static/chunks/app-pages-internals.js:0
[   16188ms] [ERROR] Refused to execute script from 'http://localhost:3000/_next/static/chunks/app-pages-internals.js' because its MIME type ('text/plain') is not executable, and strict MIME type checking is enabled. @ http://localhost:3000/login:0
[   16194ms] [ERROR] Failed to load resource: the server responded with a status of 404 (Not Found) @ http://localhost:3000/_next/static/chunks/app/layout.js:0
[   16194ms] [ERROR] Refused to execute script from 'http://localhost:3000/_next/static/chunks/app/layout.js' because its MIME type ('text/plain') is not executable, and strict MIME type checking is enabled. @ http://localhost:3000/login:0
[   16231ms] [ERROR] Failed to load resource: the server responded with a status of 404 (Not Found) @ http://localhost:3000/_next/static/chunks/app/error.js:0
[   16231ms] [ERROR] Refused to execute script from 'http://localhost:3000/_next/static/chunks/app/error.js' because its MIME type ('text/plain') is not executable, and strict MIME type checking is enabled. @ http://localhost:3000/login:0
[   26476ms] [ERROR] Refused to apply style from 'http://localhost:3000/_next/static/css/app/layout.css?v=1778684845832' because its MIME type ('text/plain') is not a supported stylesheet MIME type, and strict MIME checking is enabled. @ http://localhost:3000/login:0
[   26479ms] [VERBOSE] [DOM] Input elements should have autocomplete attributes (suggested: "current-password"): (More info: https://goo.gl/9p2vKq) %o @ http://localhost:3000/login:0
[   26537ms] [ERROR] Failed to load resource: the server responded with a status of 404 (Not Found) @ http://localhost:3000/_next/static/chunks/main-app.js?v=1778684845832:0
[   26537ms] [ERROR] Refused to execute script from 'http://localhost:3000/_next/static/chunks/main-app.js?v=1778684845832' because its MIME type ('text/plain') is not executable, and strict MIME type checking is enabled. @ http://localhost:3000/login:0
[   26591ms] [ERROR] Failed to load resource: the server responded with a status of 404 (Not Found) @ http://localhost:3000/_next/static/chunks/app-pages-internals.js:0
[   26591ms] [ERROR] Refused to execute script from 'http://localhost:3000/_next/static/chunks/app-pages-internals.js' because its MIME type ('text/plain') is not executable, and strict MIME type checking is enabled. @ http://localhost:3000/login:0
[   26596ms] [ERROR] Failed to load resource: the server responded with a status of 404 (Not Found) @ http://localhost:3000/_next/static/chunks/app/layout.js:0
[   26596ms] [ERROR] Refused to execute script from 'http://localhost:3000/_next/static/chunks/app/layout.js' because its MIME type ('text/plain') is not executable, and strict MIME type checking is enabled. @ http://localhost:3000/login:0
[   26599ms] [ERROR] Failed to load resource: the server responded with a status of 404 (Not Found) @ http://localhost:3000/_next/static/chunks/app/error.js:0
[   26599ms] [ERROR] Refused to execute script from 'http://localhost:3000/_next/static/chunks/app/error.js' because its MIME type ('text/plain') is not executable, and strict MIME type checking is enabled. @ http://localhost:3000/login:0
[   33843ms] [ERROR] Refused to apply style from 'http://localhost:3000/_next/static/css/app/layout.css?v=1778684853201' because its MIME type ('text/plain') is not a supported stylesheet MIME type, and strict MIME checking is enabled. @ http://localhost:3000/login:0
[   33852ms] [VERBOSE] [DOM] Input elements should have autocomplete attributes (suggested: "current-password"): (More info: https://goo.gl/9p2vKq) %o @ http://localhost:3000/login:0
[   33870ms] [ERROR] Failed to load resource: the server responded with a status of 404 (Not Found) @ http://localhost:3000/_next/static/chunks/main-app.js?v=1778684853201:0
[   33870ms] [ERROR] Refused to execute script from 'http://localhost:3000/_next/static/chunks/main-app.js?v=1778684853201' because its MIME type ('text/plain') is not executable, and strict MIME type checking is enabled. @ http://localhost:3000/login:0
[   33872ms] [ERROR] Failed to load resource: the server responded with a status of 404 (Not Found) @ http://localhost:3000/_next/static/chunks/app-pages-internals.js:0
[   33872ms] [ERROR] Refused to execute script from 'http://localhost:3000/_next/static/chunks/app-pages-internals.js' because its MIME type ('text/plain') is not executable, and strict MIME type checking is enabled. @ http://localhost:3000/login:0
[   33872ms] [ERROR] Failed to load resource: the server responded with a status of 404 (Not Found) @ http://localhost:3000/_next/static/chunks/app/layout.js:0
[   33872ms] [ERROR] Refused to execute script from 'http://localhost:3000/_next/static/chunks/app/layout.js' because its MIME type ('text/plain') is not executable, and strict MIME type checking is enabled. @ http://localhost:3000/login:0
[   33880ms] [ERROR] Failed to load resource: the server responded with a status of 404 (Not Found) @ http://localhost:3000/_next/static/chunks/app/error.js:0
[   33880ms] [ERROR] Refused to execute script from 'http://localhost:3000/_next/static/chunks/app/error.js' because its MIME type ('text/plain') is not executable, and strict MIME type checking is enabled. @ http://localhost:3000/login:0
[   35178ms] [ERROR] Refused to apply style from 'http://localhost:3000/_next/static/css/app/layout.css?v=1778684854539' because its MIME type ('text/plain') is not a supported stylesheet MIME type, and strict MIME checking is enabled. @ http://localhost:3000/login?username=admin&password=test123:0
[   35184ms] [VERBOSE] [DOM] Input elements should have autocomplete attributes (suggested: "current-password"): (More info: https://goo.gl/9p2vKq) %o @ http://localhost:3000/login?username=admin&password=test123:0
[   35196ms] [ERROR] Failed to load resource: the server responded with a status of 404 (Not Found) @ http://localhost:3000/_next/static/chunks/main-app.js?v=1778684854539:0
[   35197ms] [ERROR] Refused to execute script from 'http://localhost:3000/_next/static/chunks/main-app.js?v=1778684854539' because its MIME type ('text/plain') is not executable, and strict MIME type checking is enabled. @ http://localhost:3000/login?username=admin&password=test123:0
[   35212ms] [ERROR] Failed to load resource: the server responded with a status of 404 (Not Found) @ http://localhost:3000/_next/static/chunks/app-pages-internals.js:0
[   35212ms] [ERROR] Refused to execute script from 'http://localhost:3000/_next/static/chunks/app-pages-internals.js' because its MIME type ('text/plain') is not executable, and strict MIME type checking is enabled. @ http://localhost:3000/login?username=admin&password=test123:0
[   35214ms] [ERROR] Failed to load resource: the server responded with a status of 404 (Not Found) @ http://localhost:3000/_next/static/chunks/app/layout.js:0
[   35214ms] [ERROR] Refused to execute script from 'http://localhost:3000/_next/static/chunks/app/layout.js' because its MIME type ('text/plain') is not executable, and strict MIME type checking is enabled. @ http://localhost:3000/login?username=admin&password=test123:0
[   35225ms] [ERROR] Failed to load resource: the server responded with a status of 404 (Not Found) @ http://localhost:3000/_next/static/chunks/app/error.js:0
[   35225ms] [ERROR] Refused to execute script from 'http://localhost:3000/_next/static/chunks/app/error.js' because its MIME type ('text/plain') is not executable, and strict MIME type checking is enabled. @ http://localhost:3000/login?username=admin&password=test123:0
[   64987ms] [ERROR] Refused to apply style from 'http://localhost:3000/_next/static/css/app/layout.css?v=1778684884344' because its MIME type ('text/plain') is not a supported stylesheet MIME type, and strict MIME checking is enabled. @ http://localhost:3000/login:0
[   64996ms] [VERBOSE] [DOM] Input elements should have autocomplete attributes (suggested: "current-password"): (More info: https://goo.gl/9p2vKq) %o @ http://localhost:3000/login:0
[   65009ms] [ERROR] Failed to load resource: the server responded with a status of 404 (Not Found) @ http://localhost:3000/_next/static/chunks/main-app.js?v=1778684884344:0
[   65009ms] [ERROR] Refused to execute script from 'http://localhost:3000/_next/static/chunks/main-app.js?v=1778684884344' because its MIME type ('text/plain') is not executable, and strict MIME type checking is enabled. @ http://localhost:3000/login:0
[   65015ms] [ERROR] Failed to load resource: the server responded with a status of 404 (Not Found) @ http://localhost:3000/_next/static/chunks/app-pages-internals.js:0
[   65015ms] [ERROR] Refused to execute script from 'http://localhost:3000/_next/static/chunks/app-pages-internals.js' because its MIME type ('text/plain') is not executable, and strict MIME type checking is enabled. @ http://localhost:3000/login:0
[   65019ms] [ERROR] Failed to load resource: the server responded with a status of 404 (Not Found) @ http://localhost:3000/_next/static/chunks/app/layout.js:0
[   65019ms] [ERROR] Refused to execute script from 'http://localhost:3000/_next/static/chunks/app/layout.js' because its MIME type ('text/plain') is not executable, and strict MIME type checking is enabled. @ http://localhost:3000/login:0
[   65023ms] [ERROR] Failed to load resource: the server responded with a status of 404 (Not Found) @ http://localhost:3000/_next/static/chunks/app/error.js:0
[   65023ms] [ERROR] Refused to execute script from 'http://localhost:3000/_next/static/chunks/app/error.js' because its MIME type ('text/plain') is not executable, and strict MIME type checking is enabled. @ http://localhost:3000/login:0
[   66253ms] [ERROR] Refused to apply style from 'http://localhost:3000/_next/static/css/app/layout.css?v=1778684885607' because its MIME type ('text/plain') is not a supported stylesheet MIME type, and strict MIME checking is enabled. @ http://localhost:3000/login?username=arvind&password=f4lc0n:0
[   66255ms] [VERBOSE] [DOM] Input elements should have autocomplete attributes (suggested: "current-password"): (More info: https://goo.gl/9p2vKq) %o @ http://localhost:3000/login?username=arvind&password=f4lc0n:0
[   66272ms] [ERROR] Failed to load resource: the server responded with a status of 404 (Not Found) @ http://localhost:3000/_next/static/chunks/main-app.js?v=1778684885607:0
[   66272ms] [ERROR] Refused to execute script from 'http://localhost:3000/_next/static/chunks/main-app.js?v=1778684885607' because its MIME type ('text/plain') is not executable, and strict MIME type checking is enabled. @ http://localhost:3000/login?username=arvind&password=f4lc0n:0
[   66275ms] [ERROR] Failed to load resource: the server responded with a status of 404 (Not Found) @ http://localhost:3000/_next/static/chunks/app-pages-internals.js:0
[   66275ms] [ERROR] Refused to execute script from 'http://localhost:3000/_next/static/chunks/app-pages-internals.js' because its MIME type ('text/plain') is not executable, and strict MIME type checking is enabled. @ http://localhost:3000/login?username=arvind&password=f4lc0n:0
[   66278ms] [ERROR] Failed to load resource: the server responded with a status of 404 (Not Found) @ http://localhost:3000/_next/static/chunks/app/layout.js:0
[   66278ms] [ERROR] Refused to execute script from 'http://localhost:3000/_next/static/chunks/app/layout.js' because its MIME type ('text/plain') is not executable, and strict MIME type checking is enabled. @ http://localhost:3000/login?username=arvind&password=f4lc0n:0
[   66285ms] [ERROR] Failed to load resource: the server responded with a status of 404 (Not Found) @ http://localhost:3000/_next/static/chunks/app/error.js:0
[   66286ms] [ERROR] Refused to execute script from 'http://localhost:3000/_next/static/chunks/app/error.js' because its MIME type ('text/plain') is not executable, and strict MIME type checking is enabled. @ http://localhost:3000/login?username=arvind&password=f4lc0n:0
[   79561ms] [ERROR] Refused to apply style from 'http://localhost:3000/_next/static/css/app/layout.css?v=1778684898833' because its MIME type ('text/plain') is not a supported stylesheet MIME type, and strict MIME checking is enabled. @ http://localhost:3000/login:0
[   79573ms] [ERROR] Failed to load resource: the server responded with a status of 404 (Not Found) @ http://localhost:3000/_next/static/chunks/main-app.js?v=1778684898833:0
[   79573ms] [ERROR] Refused to execute script from 'http://localhost:3000/_next/static/chunks/main-app.js?v=1778684898833' because its MIME type ('text/plain') is not executable, and strict MIME type checking is enabled. @ http://localhost:3000/login:0
[   79573ms] [VERBOSE] [DOM] Input elements should have autocomplete attributes (suggested: "current-password"): (More info: https://goo.gl/9p2vKq) %o @ http://localhost:3000/login:0
[   79586ms] [ERROR] Failed to load resource: the server responded with a status of 404 (Not Found) @ http://localhost:3000/_next/static/chunks/app-pages-internals.js:0
[   79587ms] [ERROR] Refused to execute script from 'http://localhost:3000/_next/static/chunks/app-pages-internals.js' because its MIME type ('text/plain') is not executable, and strict MIME type checking is enabled. @ http://localhost:3000/login:0
[   79588ms] [ERROR] Failed to load resource: the server responded with a status of 404 (Not Found) @ http://localhost:3000/_next/static/chunks/app/layout.js:0
[   79588ms] [ERROR] Refused to execute script from 'http://localhost:3000/_next/static/chunks/app/layout.js' because its MIME type ('text/plain') is not executable, and strict MIME type checking is enabled. @ http://localhost:3000/login:0
[   79613ms] [ERROR] Failed to load resource: the server responded with a status of 404 (Not Found) @ http://localhost:3000/_next/static/chunks/app/error.js:0
[   79614ms] [ERROR] Refused to execute script from 'http://localhost:3000/_next/static/chunks/app/error.js' because its MIME type ('text/plain') is not executable, and strict MIME type checking is enabled. @ http://localhost:3000/login:0
[   81410ms] [ERROR] Refused to apply style from 'http://localhost:3000/_next/static/css/app/layout.css?v=1778684900748' because its MIME type ('text/plain') is not a supported stylesheet MIME type, and strict MIME checking is enabled. @ http://localhost:3000/login?username=arvind&password=f4lc0n:0
[   81428ms] [ERROR] Failed to load resource: the server responded with a status of 404 (Not Found) @ http://localhost:3000/_next/static/chunks/main-app.js?v=1778684900748:0
[   81430ms] [ERROR] Refused to execute script from 'http://localhost:3000/_next/static/chunks/main-app.js?v=1778684900748' because its MIME type ('text/plain') is not executable, and strict MIME type checking is enabled. @ http://localhost:3000/login?username=arvind&password=f4lc0n:0
[   81431ms] [VERBOSE] [DOM] Input elements should have autocomplete attributes (suggested: "current-password"): (More info: https://goo.gl/9p2vKq) %o @ http://localhost:3000/login?username=arvind&password=f4lc0n:0
[   81456ms] [ERROR] Failed to load resource: the server responded with a status of 404 (Not Found) @ http://localhost:3000/_next/static/chunks/app-pages-internals.js:0
[   81456ms] [ERROR] Refused to execute script from 'http://localhost:3000/_next/static/chunks/app-pages-internals.js' because its MIME type ('text/plain') is not executable, and strict MIME type checking is enabled. @ http://localhost:3000/login?username=arvind&password=f4lc0n:0
[   81462ms] [ERROR] Failed to load resource: the server responded with a status of 404 (Not Found) @ http://localhost:3000/_next/static/chunks/app/error.js:0
[   81462ms] [ERROR] Refused to execute script from 'http://localhost:3000/_next/static/chunks/app/error.js' because its MIME type ('text/plain') is not executable, and strict MIME type checking is enabled. @ http://localhost:3000/login?username=arvind&password=f4lc0n:0
[   81465ms] [ERROR] Failed to load resource: the server responded with a status of 404 (Not Found) @ http://localhost:3000/_next/static/chunks/app/layout.js:0
[   81466ms] [ERROR] Refused to execute script from 'http://localhost:3000/_next/static/chunks/app/layout.js' because its MIME type ('text/plain') is not executable, and strict MIME type checking is enabled. @ http://localhost:3000/login?username=arvind&password=f4lc0n:0
