[    1166ms] [ERROR] Refused to apply style from 'http://localhost:3000/_next/static/css/app/layout.css?v=1778684743465' because its MIME type ('text/plain') is not a supported stylesheet MIME type, and strict MIME checking is enabled. @ http://localhost:3000/login:0
[    1180ms] [VERBOSE] [DOM] Input elements should have autocomplete attributes (suggested: "current-password"): (More info: https://goo.gl/9p2vKq) %o @ http://localhost:3000/login:0
[    1212ms] [ERROR] Failed to load resource: the server responded with a status of 404 (Not Found) @ http://localhost:3000/_next/static/chunks/main-app.js?v=1778684743465:0
[    1212ms] [ERROR] Refused to execute script from 'http://localhost:3000/_next/static/chunks/main-app.js?v=1778684743465' because its MIME type ('text/plain') is not executable, and strict MIME type checking is enabled. @ http://localhost:3000/login:0
[    1213ms] [ERROR] Failed to load resource: the server responded with a status of 404 (Not Found) @ http://localhost:3000/_next/static/chunks/app/layout.js:0
[    1213ms] [ERROR] Refused to execute script from 'http://localhost:3000/_next/static/chunks/app/layout.js' because its MIME type ('text/plain') is not executable, and strict MIME type checking is enabled. @ http://localhost:3000/login:0
[    1213ms] [ERROR] Failed to load resource: the server responded with a status of 404 (Not Found) @ http://localhost:3000/_next/static/chunks/app/error.js:0
[    1213ms] [ERROR] Refused to execute script from 'http://localhost:3000/_next/static/chunks/app/error.js' because its MIME type ('text/plain') is not executable, and strict MIME type checking is enabled. @ http://localhost:3000/login:0
[    1213ms] [ERROR] Failed to load resource: the server responded with a status of 404 (Not Found) @ http://localhost:3000/_next/static/chunks/app-pages-internals.js:0
[    1213ms] [ERROR] Refused to execute script from 'http://localhost:3000/_next/static/chunks/app-pages-internals.js' because its MIME type ('text/plain') is not executable, and strict MIME type checking is enabled. @ http://localhost:3000/login:0
[   34147ms] [ERROR] Refused to apply style from 'http://localhost:3000/_next/static/css/app/layout.css?v=1778684776606' because its MIME type ('text/plain') is not a supported stylesheet MIME type, and strict MIME checking is enabled. @ http://localhost:3000/login?username=admin&password=test123:0
[   34156ms] [VERBOSE] [DOM] Input elements should have autocomplete attributes (suggested: "current-password"): (More info: https://goo.gl/9p2vKq) %o @ http://localhost:3000/login?username=admin&password=test123:0
[   34168ms] [ERROR] Failed to load resource: the server responded with a status of 404 (Not Found) @ http://localhost:3000/_next/static/chunks/main-app.js?v=1778684776606:0
[   34168ms] [ERROR] Refused to execute script from 'http://localhost:3000/_next/static/chunks/main-app.js?v=1778684776606' because its MIME type ('text/plain') is not executable, and strict MIME type checking is enabled. @ http://localhost:3000/login?username=admin&password=test123:0
[   34174ms] [ERROR] Failed to load resource: the server responded with a status of 404 (Not Found) @ http://localhost:3000/_next/static/chunks/app-pages-internals.js:0
[   34174ms] [ERROR] Refused to execute script from 'http://localhost:3000/_next/static/chunks/app-pages-internals.js' because its MIME type ('text/plain') is not executable, and strict MIME type checking is enabled. @ http://localhost:3000/login?username=admin&password=test123:0
[   34178ms] [ERROR] Failed to load resource: the server responded with a status of 404 (Not Found) @ http://localhost:3000/_next/static/chunks/app/layout.js:0
[   34178ms] [ERROR] Refused to execute script from 'http://localhost:3000/_next/static/chunks/app/layout.js' because its MIME type ('text/plain') is not executable, and strict MIME type checking is enabled. @ http://localhost:3000/login?username=admin&password=test123:0
[   34184ms] [ERROR] Failed to load resource: the server responded with a status of 404 (Not Found) @ http://localhost:3000/_next/static/chunks/app/error.js:0
[   34184ms] [ERROR] Refused to execute script from 'http://localhost:3000/_next/static/chunks/app/error.js' because its MIME type ('text/plain') is not executable, and strict MIME type checking is enabled. @ http://localhost:3000/login?username=admin&password=test123:0
